  Source.cpp
C:\Exam_2020_2021_winter\Exam_Yura_Khoroshev_201-351\Exam_Yura_Khoroshev_201-351\Source.cpp(250,20): warning C4018: <: несоответствие типов со знаком и без знака
C:\Program Files (x86)\Microsoft Visual Studio\2019\Community\VC\Tools\MSVC\14.28.29333\include\xstddef(127,22): error C2676: бинарный "<": "const _Ty" не определяет этот оператор или преобразование к типу приемлемо к встроенному оператору
          with
          [
              _Ty=spisok
          ]
C:\Program Files (x86)\Microsoft Visual Studio\2019\Community\VC\Tools\MSVC\14.28.29333\include\xstddef(126): message : во время компиляции функции-члена класс шаблон "bool std::less<spisok>::operator ()(const _Ty &,const _Ty &) const"
          with
          [
              _Ty=spisok
          ]
C:\Program Files (x86)\Microsoft Visual Studio\2019\Community\VC\Tools\MSVC\14.28.29333\include\xutility(1616): message : выполняется компиляция ссылки на экземпляр шаблон функции "bool std::less<spisok>::operator ()(const _Ty &,const _Ty &) const"
          with
          [
              _Ty=spisok
          ]
C:\Program Files (x86)\Microsoft Visual Studio\2019\Community\VC\Tools\MSVC\14.28.29333\include\xmemory(1329): message : выполняется компиляция ссылки на экземпляр класс шаблон функции "std::less<spisok>"
C:\Program Files (x86)\Microsoft Visual Studio\2019\Community\VC\Tools\MSVC\14.28.29333\include\xmemory(1329): message : выполняется компиляция ссылки на шаблон переменной "const bool is_empty_v<std::less<spisok> >"
C:\Program Files (x86)\Microsoft Visual Studio\2019\Community\VC\Tools\MSVC\14.28.29333\include\set(54): message : выполняется компиляция ссылки на экземпляр класс шаблон функции "std::_Tree<std::_Tset_traits<_Kty,_Pr,_Alloc,false>>"
          with
          [
              _Kty=spisok,
              _Pr=std::less<spisok>,
              _Alloc=std::allocator<spisok>
          ]
C:\Exam_2020_2021_winter\Exam_Yura_Khoroshev_201-351\Exam_Yura_Khoroshev_201-351\Source.cpp(247): message : выполняется компиляция ссылки на экземпляр класс шаблон функции "std::set<spisok,std::less<spisok>,std::allocator<spisok>>"
